0 info it worked if it ends with ok
1 verbose cli [ 'c:\\Program Files\\nodejs\\node.exe',
1 verbose cli   'c:\\Program Files\\nodejs\\node_modules\\npm\\bin\\npm-cli.js',
1 verbose cli   'install',
1 verbose cli   '-g',
1 verbose cli   'serve' ]
2 info using npm@2.5.1
3 info using node@v0.12.0
4 silly cache add args [ 'serve', null ]
5 verbose cache add spec serve
6 silly cache add parsed spec { raw: 'serve',
6 silly cache add   scope: null,
6 silly cache add   name: 'serve',
6 silly cache add   rawSpec: '',
6 silly cache add   spec: '*',
6 silly cache add   type: 'range' }
7 verbose addNamed serve@*
8 silly addNamed semver.valid null
9 silly addNamed semver.validRange *
10 silly addNameRange { name: 'serve', range: '*', hasData: false }
11 silly mapToRegistry name serve
12 silly mapToRegistry using default registry
13 silly mapToRegistry registry https://registry.npmjs.org/
14 silly mapToRegistry uri https://registry.npmjs.org/serve
15 verbose addNameRange registry:https://registry.npmjs.org/serve not in flight; fetching
16 verbose request uri https://registry.npmjs.org/serve
17 verbose request no auth needed
18 info attempt registry request try #1 at 12:03:06
19 verbose request id 7e5391afdfad2410
20 http request GET https://registry.npmjs.org/serve
21 info retry will retry, error on last attempt: Error: tunneling socket could not be established, cause=getaddrinfo ENOTFOUND proxy
22 info attempt registry request try #2 at 12:03:18
23 http request GET https://registry.npmjs.org/serve
24 info retry will retry, error on last attempt: Error: tunneling socket could not be established, cause=getaddrinfo ENOTFOUND proxy
25 info attempt registry request try #3 at 12:04:20
26 http request GET https://registry.npmjs.org/serve
27 verbose stack Error: tunneling socket could not be established, cause=getaddrinfo ENOTFOUND proxy
27 verbose stack     at ClientRequest.onError (c:\Program Files\nodejs\node_modules\npm\node_modules\request\node_modules\tunnel-agent\index.js:168:17)
27 verbose stack     at ClientRequest.g (events.js:199:16)
27 verbose stack     at ClientRequest.emit (events.js:107:17)
27 verbose stack     at Socket.socketErrorListener (_http_client.js:272:9)
27 verbose stack     at Socket.emit (events.js:107:17)
27 verbose stack     at net.js:923:16
27 verbose stack     at process._tickCallback (node.js:355:11)
28 verbose cwd c:\dev\git\election\firebase
29 error Windows_NT 6.1.7601
30 error argv "c:\\Program Files\\nodejs\\node.exe" "c:\\Program Files\\nodejs\\node_modules\\npm\\bin\\npm-cli.js" "install" "-g" "serve"
31 error node v0.12.0
32 error npm  v2.5.1
33 error code ECONNRESET
34 error network tunneling socket could not be established, cause=getaddrinfo ENOTFOUND proxy
34 error network This is most likely not a problem with npm itself
34 error network and is related to network connectivity.
34 error network In most cases you are behind a proxy or have bad network settings.
34 error network
34 error network If you are behind a proxy, please make sure that the
34 error network 'proxy' config is set properly.  See: 'npm help config'
35 verbose exit [ 1, true ]
